dic 31, 2011 11:20:27 PM xml.analizador.XML procesarXMLRecursivamente
Información: Analizando raiz: <BIBLIOTECA>
dic 31, 2011 11:20:27 PM xml.analizador.XML analizarAtributos
Información: ---------------------------------------------------------
dic 31, 2011 11:20:27 PM xml.analizador.XML analizarAtributos
Información: Analizando si raiz <BIBLIOTECA> posee atributos...
dic 31, 2011 11:20:27 PM xml.analizador.XML analizarAtributos
Información: Raiz <BIBLIOTECA> tiene 1 atributos!
dic 31, 2011 11:20:27 PM xml.analizador.XML analizarAtributos
Información: 	Agregando atributo (cantidadDeLibros=2) a raiz <BIBLIOTECA>
dic 31, 2011 11:20:27 PM xml.analizador.XML analizarAtributos
Información: ---------------------------------------------------------
dic 31, 2011 11:20:27 PM xml.analizador.XML procesarXMLRecursivamente
Información: La raiz <BIBLIOTECA> tiene hijos. LLamando Recursivamente con root = <biblioteca>
dic 31, 2011 11:20:27 PM xml.analizador.XML procesarXMLRecursivamente
Información: Analizando hijo: <BIBLIOTECA>
dic 31, 2011 11:20:27 PM xml.analizador.XML procesarXMLRecursivamente
Información: El hijo <BIBLIOTECA> tiene hijos (7 hijos)
dic 31, 2011 11:20:27 PM xml.analizador.XML procesarXMLRecursivamente
Información: Agregando a <BIBLIOTECA> un nuevo hijo (libro)
dic 31, 2011 11:20:27 PM xml.analizador.XML procesarXMLRecursivamente
Información: Recuperando al hijo agregado: hijo recuperado --><libro>
dic 31, 2011 11:20:27 PM xml.analizador.XML analizarAtributos
Información: ---------------------------------------------------------
dic 31, 2011 11:20:27 PM xml.analizador.XML analizarAtributos
Información: Analizando si raiz <LIBRO> posee atributos...
dic 31, 2011 11:20:27 PM xml.analizador.XML analizarAtributos
Información: Raiz <LIBRO> tiene 1 atributos!
dic 31, 2011 11:20:27 PM xml.analizador.XML analizarAtributos
Información: 	Agregando atributo (paginas=100) a raiz <LIBRO>
dic 31, 2011 11:20:27 PM xml.analizador.XML analizarAtributos
Información: ---------------------------------------------------------
dic 31, 2011 11:20:27 PM xml.analizador.XML procesarXMLRecursivamente
Información: LLamando Recursivamente con root = <libro>
dic 31, 2011 11:20:27 PM xml.analizador.XML procesarXMLRecursivamente
Información: Analizando hijo: <LIBRO>
dic 31, 2011 11:20:27 PM xml.analizador.XML procesarXMLRecursivamente
Información: El hijo <LIBRO> tiene hijos (1 hijos)
dic 31, 2011 11:20:27 PM xml.analizador.XML procesarXMLRecursivamente
Información: Agregando a <LIBRO> un nuevo hijo (titulo)
dic 31, 2011 11:20:27 PM xml.analizador.XML procesarXMLRecursivamente
Información: Recuperando al hijo agregado: hijo recuperado --><titulo>
dic 31, 2011 11:20:27 PM xml.analizador.XML analizarAtributos
Información: ---------------------------------------------------------
dic 31, 2011 11:20:27 PM xml.analizador.XML analizarAtributos
Información: Analizando si raiz <TITULO> posee atributos...
dic 31, 2011 11:20:27 PM xml.analizador.XML analizarAtributos
Información: Raiz <TITULO> NO posee atributos
dic 31, 2011 11:20:27 PM xml.analizador.XML analizarAtributos
Información: ---------------------------------------------------------
dic 31, 2011 11:20:27 PM xml.analizador.XML procesarXMLRecursivamente
Información: LLamando Recursivamente con root = <titulo>
dic 31, 2011 11:20:27 PM xml.analizador.XML procesarXMLRecursivamente
Información: AGREGANDO VALOR Libro Accion 1 a tag <titulo>
dic 31, 2011 11:20:27 PM xml.analizador.XML procesarXMLRecursivamente
Información: Analizando hijo: <LIBRO>
dic 31, 2011 11:20:27 PM xml.analizador.XML procesarXMLRecursivamente
Información: El hijo <LIBRO> tiene hijos (1 hijos)
dic 31, 2011 11:20:27 PM xml.analizador.XML procesarXMLRecursivamente
Información: Agregando a <LIBRO> un nuevo hijo (autor)
dic 31, 2011 11:20:27 PM xml.analizador.XML procesarXMLRecursivamente
Información: Recuperando al hijo agregado: hijo recuperado --><autor>
dic 31, 2011 11:20:27 PM xml.analizador.XML analizarAtributos
Información: ---------------------------------------------------------
dic 31, 2011 11:20:27 PM xml.analizador.XML analizarAtributos
Información: Analizando si raiz <AUTOR> posee atributos...
dic 31, 2011 11:20:27 PM xml.analizador.XML analizarAtributos
Información: Raiz <AUTOR> NO posee atributos
dic 31, 2011 11:20:27 PM xml.analizador.XML analizarAtributos
Información: ---------------------------------------------------------
dic 31, 2011 11:20:27 PM xml.analizador.XML procesarXMLRecursivamente
Información: LLamando Recursivamente con root = <autor>
dic 31, 2011 11:20:27 PM xml.analizador.XML procesarXMLRecursivamente
Información: AGREGANDO VALOR Autor ACTION a tag <autor>
dic 31, 2011 11:20:27 PM xml.analizador.XML procesarXMLRecursivamente
Información: Analizando hijo: <LIBRO>
dic 31, 2011 11:20:27 PM xml.analizador.XML procesarXMLRecursivamente
Información: El hijo <LIBRO> tiene hijos (1 hijos)
dic 31, 2011 11:20:27 PM xml.analizador.XML procesarXMLRecursivamente
Información: Agregando a <LIBRO> un nuevo hijo (año)
dic 31, 2011 11:20:27 PM xml.analizador.XML procesarXMLRecursivamente
Información: Recuperando al hijo agregado: hijo recuperado --><año>
dic 31, 2011 11:20:27 PM xml.analizador.XML analizarAtributos
Información: ---------------------------------------------------------
dic 31, 2011 11:20:27 PM xml.analizador.XML analizarAtributos
Información: Analizando si raiz <AÑO> posee atributos...
dic 31, 2011 11:20:27 PM xml.analizador.XML analizarAtributos
Información: Raiz <AÑO> NO posee atributos
dic 31, 2011 11:20:27 PM xml.analizador.XML analizarAtributos
Información: ---------------------------------------------------------
dic 31, 2011 11:20:27 PM xml.analizador.XML procesarXMLRecursivamente
Información: LLamando Recursivamente con root = <año>
dic 31, 2011 11:20:27 PM xml.analizador.XML procesarXMLRecursivamente
Información: AGREGANDO VALOR 1998 a tag <año>
dic 31, 2011 11:20:27 PM xml.analizador.XML procesarXMLRecursivamente
Información: Analizando hijo: <BIBLIOTECA>
dic 31, 2011 11:20:27 PM xml.analizador.XML procesarXMLRecursivamente
Información: El hijo <BIBLIOTECA> tiene hijos (5 hijos)
dic 31, 2011 11:20:27 PM xml.analizador.XML procesarXMLRecursivamente
Información: Agregando a <BIBLIOTECA> un nuevo hijo (libro)
dic 31, 2011 11:20:27 PM xml.analizador.XML procesarXMLRecursivamente
Información: Recuperando al hijo agregado: hijo recuperado --><libro>
dic 31, 2011 11:20:27 PM xml.analizador.XML analizarAtributos
Información: ---------------------------------------------------------
dic 31, 2011 11:20:28 PM xml.analizador.XML analizarAtributos
Información: Analizando si raiz <LIBRO> posee atributos...
dic 31, 2011 11:20:28 PM xml.analizador.XML analizarAtributos
Información: Raiz <LIBRO> tiene 1 atributos!
dic 31, 2011 11:20:28 PM xml.analizador.XML analizarAtributos
Información: 	Agregando atributo (paginas=200) a raiz <LIBRO>
dic 31, 2011 11:20:28 PM xml.analizador.XML analizarAtributos
Información: ---------------------------------------------------------
dic 31, 2011 11:20:28 PM xml.analizador.XML procesarXMLRecursivamente
Información: LLamando Recursivamente con root = <libro>
dic 31, 2011 11:20:28 PM xml.analizador.XML procesarXMLRecursivamente
Información: Analizando hijo: <LIBRO>
dic 31, 2011 11:20:28 PM xml.analizador.XML procesarXMLRecursivamente
Información: El hijo <LIBRO> tiene hijos (1 hijos)
dic 31, 2011 11:20:28 PM xml.analizador.XML procesarXMLRecursivamente
Información: Agregando a <LIBRO> un nuevo hijo (titulo)
dic 31, 2011 11:20:28 PM xml.analizador.XML procesarXMLRecursivamente
Información: Recuperando al hijo agregado: hijo recuperado --><titulo>
dic 31, 2011 11:20:28 PM xml.analizador.XML analizarAtributos
Información: ---------------------------------------------------------
dic 31, 2011 11:20:28 PM xml.analizador.XML analizarAtributos
Información: Analizando si raiz <TITULO> posee atributos...
dic 31, 2011 11:20:28 PM xml.analizador.XML analizarAtributos
Información: Raiz <TITULO> NO posee atributos
dic 31, 2011 11:20:28 PM xml.analizador.XML analizarAtributos
Información: ---------------------------------------------------------
dic 31, 2011 11:20:28 PM xml.analizador.XML procesarXMLRecursivamente
Información: LLamando Recursivamente con root = <titulo>
dic 31, 2011 11:20:28 PM xml.analizador.XML procesarXMLRecursivamente
Información: AGREGANDO VALOR Libro Accion 2 a tag <titulo>
dic 31, 2011 11:20:28 PM xml.analizador.XML procesarXMLRecursivamente
Información: Analizando hijo: <LIBRO>
dic 31, 2011 11:20:28 PM xml.analizador.XML procesarXMLRecursivamente
Información: El hijo <LIBRO> tiene hijos (1 hijos)
dic 31, 2011 11:20:28 PM xml.analizador.XML procesarXMLRecursivamente
Información: Agregando a <LIBRO> un nuevo hijo (autor)
dic 31, 2011 11:20:28 PM xml.analizador.XML procesarXMLRecursivamente
Información: Recuperando al hijo agregado: hijo recuperado --><autor>
dic 31, 2011 11:20:28 PM xml.analizador.XML analizarAtributos
Información: ---------------------------------------------------------
dic 31, 2011 11:20:28 PM xml.analizador.XML analizarAtributos
Información: Analizando si raiz <AUTOR> posee atributos...
dic 31, 2011 11:20:28 PM xml.analizador.XML analizarAtributos
Información: Raiz <AUTOR> NO posee atributos
dic 31, 2011 11:20:28 PM xml.analizador.XML analizarAtributos
Información: ---------------------------------------------------------
dic 31, 2011 11:20:28 PM xml.analizador.XML procesarXMLRecursivamente
Información: LLamando Recursivamente con root = <autor>
dic 31, 2011 11:20:28 PM xml.analizador.XML procesarXMLRecursivamente
Información: AGREGANDO VALOR Autor ACTION a tag <autor>
